Using pre-set license
Built from '2020.3/staging' branch; Version is '2020.3.9f1 (108be757e447) revision 1084391'; Using compiler version '192528614'; Build Type 'Release'
OS: 'Windows 10 Home; OS build 19042.1165; Version 2009; 64bit' Language: 'en' Physical Memory: 8134 MB
BatchMode: 1, IsHumanControllingUs: 0, StartBugReporterOnCrash: 0, Is64bit: 1, IsPro: 0

 COMMAND LINE ARGUMENTS:
C:\2020.3.9f1\Editor\Unity.exe
-adb2
-batchMode
-noUpm
-name
AssetImportWorker0
-projectPath
C:/Users/Allied Gaming/Documents/GitHub/Detective-Office
-logFile
Logs/AssetImportWorker0.log
-srvPort
54881
Successfully changed project path to: C:/Users/Allied Gaming/Documents/GitHub/Detective-Office
C:/Users/Allied Gaming/Documents/GitHub/Detective-Office
Using Asset Import Pipeline V2.
Refreshing native plugins compatible for Editor in 42.24 ms, found 2 plugins.
Preloading 0 native plugins for Editor in 0.00 ms.
Initialize engine version: 2020.3.9f1 (108be757e447)
[Subsystems] Discovering subsystems at path C:/2020.3.9f1/Editor/Data/Resources/UnitySubsystems
[Subsystems] Discovering subsystems at path C:/Users/Allied Gaming/Documents/GitHub/Detective-Office/Assets
GfxDevice: creating device client; threaded=0
Direct3D:
    Version:  Direct3D 11.0 [level 11.1]
    Renderer: NVIDIA GeForce GTX 1660 (ID=0x2184)
    Vendor:   
    VRAM:     5991 MB
    Driver:   27.21.14.5671
Initialize mono
Mono path[0] = 'C:/2020.3.9f1/Editor/Data/Managed'
Mono path[1] = 'C:/2020.3.9f1/Editor/Data/MonoBleedingEdge/lib/mono/unityjit'
Mono config path = 'C:/2020.3.9f1/Editor/Data/MonoBleedingEdge/etc'
Using monoOptions --debugger-agent=transport=dt_socket,embedding=1,server=y,suspend=n,address=127.0.0.1:56236
Begin MonoManager ReloadAssembly
Registering precompiled unity dll's ...
Register platform support module: C:/2020.3.9f1/Editor/Data/PlaybackEngines/WebGLSupport/UnityEditor.WebGL.Extensions.dll
Register platform support module: C:/2020.3.9f1/Editor/Data/PlaybackEngines/WindowsStandaloneSupport/UnityEditor.WindowsStandalone.Extensions.dll
Registered in 0.001826 seconds.
Native extension for WindowsStandalone target not found
Native extension for WebGL target not found
Refreshing native plugins compatible for Editor in 31.88 ms, found 2 plugins.
Preloading 0 native plugins for Editor in 0.00 ms.
Mono: successfully reloaded assembly
- Completed reload, in  0.969 seconds
Platform modules already initialized, skipping
Registering precompiled user dll's ...
Registered in 0.003036 seconds.
Begin MonoManager ReloadAssembly
Native extension for WindowsStandalone target not found
Native extension for WebGL target not found
Refreshing native plugins compatible for Editor in 0.36 ms, found 2 plugins.
Preloading 0 native plugins for Editor in 0.00 ms.
Mono: successfully reloaded assembly
- Completed reload, in  0.899 seconds
Platform modules already initialized, skipping
========================================================================
Worker process is ready to serve import requests
Launched and connected shader compiler UnityShaderCompiler.exe after 0.04 seconds
Refreshing native plugins compatible for Editor in 0.35 ms, found 2 plugins.
Preloading 0 native plugins for Editor in 0.00 ms.
Unloading 1515 Unused Serialized files (Serialized files now loaded: 0)
System memory in use before: 78.3 MB.
System memory in use after: 78.0 MB.

Unloading 20 unused Assets to reduce memory usage. Loaded Objects now: 1955.
Total: 1.994900 ms (FindLiveObjects: 0.132800 ms CreateObjectMapping: 0.042400 ms MarkObjects: 1.526800 ms  DeleteObjects: 0.292200 ms)

========================================================================
Received Import Request.
  path: Assets/AshTray.fbx
  artifactKey: Guid(9fec48acde9dee6488c1c8701f0b2522) Importer(815301076,1909f56bfc062723c751e8b465ee728b)
Start importing Assets/AshTray.fbx using Guid(9fec48acde9dee6488c1c8701f0b2522) Importer(815301076,1909f56bfc062723c751e8b465ee728b)  -> (artifact id: '1cf37fce11fccd44360575271de5c401') in 0.113026 seconds
  Import took 0.115193 seconds .

========================================================================
Received Import Request.
  Time since last request: 11.865014 seconds.
  path: Assets/Couch.fbx
  artifactKey: Guid(5a493f2838e79114fb20c5ee1930c6d1) Importer(815301076,1909f56bfc062723c751e8b465ee728b)
Start importing Assets/Couch.fbx using Guid(5a493f2838e79114fb20c5ee1930c6d1) Importer(815301076,1909f56bfc062723c751e8b465ee728b)  -> (artifact id: '6b10e56056874c964d6c1b1b46c2ce88') in 0.037362 seconds
  Import took 0.040341 seconds .

========================================================================
Received Import Request.
  Time since last request: 129.285962 seconds.
  path: Assets/Couch.prefab
  artifactKey: Guid(35bb410a638c8e54cba88b0fbb0641bc) Importer(815301076,1909f56bfc062723c751e8b465ee728b)
Start importing Assets/Couch.prefab using Guid(35bb410a638c8e54cba88b0fbb0641bc) Importer(815301076,1909f56bfc062723c751e8b465ee728b)  -> (artifact id: 'b75adbede210819428041c183905f2d6') in 0.009406 seconds
  Import took 0.012212 seconds .

========================================================================
Received Import Request.
  Time since last request: 53.046448 seconds.
  path: Assets/Couch.fbx
  artifactKey: Guid(5a493f2838e79114fb20c5ee1930c6d1) Importer(815301076,1909f56bfc062723c751e8b465ee728b)
Start importing Assets/Couch.fbx using Guid(5a493f2838e79114fb20c5ee1930c6d1) Importer(815301076,1909f56bfc062723c751e8b465ee728b)  -> (artifact id: '5df6adde7fe70c233a036a521e6d6976') in 0.022412 seconds
  Import took 0.025115 seconds .

========================================================================
Received Import Request.
  Time since last request: 0.003549 seconds.
  path: Assets/Couch.fbx
  artifactKey: Guid(5a493f2838e79114fb20c5ee1930c6d1) Importer(815301076,1909f56bfc062723c751e8b465ee728b)
Start importing Assets/Couch.fbx using Guid(5a493f2838e79114fb20c5ee1930c6d1) Importer(815301076,1909f56bfc062723c751e8b465ee728b)  -> (artifact id: '5df6adde7fe70c233a036a521e6d6976') in 0.018314 seconds
  Import took 0.020849 seconds .

AssetImportWorkerClient::OnTransportError - code=2 error=End of file
