Using pre-set license
Built from '2020.3/staging' branch; Version is '2020.3.11f1 (99c7afb366b3) revision 10078127'; Using compiler version '192528614'; Build Type 'Release'
OS: 'Windows 10 Home; OS build 19042.1110; Version 2009; 64bit' Language: 'en' Physical Memory: 8126 MB
BatchMode: 1, IsHumanControllingUs: 0, StartBugReporterOnCrash: 0, Is64bit: 1, IsPro: 0

 COMMAND LINE ARGUMENTS:
C:\Program Files\Unity\Editor\Unity.exe
-adb2
-batchMode
-noUpm
-name
AssetImportWorker1
-projectPath
D:/Unity Projects/Detective Office
-logFile
Logs/AssetImportWorker1.log
-srvPort
59951
Successfully changed project path to: D:/Unity Projects/Detective Office
D:/Unity Projects/Detective Office
Using Asset Import Pipeline V2.
Refreshing native plugins compatible for Editor in 31.36 ms, found 2 plugins.
Preloading 0 native plugins for Editor in 0.00 ms.
Initialize engine version: 2020.3.11f1 (99c7afb366b3)
[Subsystems] Discovering subsystems at path C:/Program Files/Unity/Editor/Data/Resources/UnitySubsystems
[Subsystems] Discovering subsystems at path D:/Unity Projects/Detective Office/Assets
GfxDevice: creating device client; threaded=0
Direct3D:
    Version:  Direct3D 11.0 [level 11.1]
    Renderer: NVIDIA GeForce GTX 1650 (ID=0x1f82)
    Vendor:   
    VRAM:     3962 MB
    Driver:   27.21.14.5751
Initialize mono
Mono path[0] = 'C:/Program Files/Unity/Editor/Data/Managed'
Mono path[1] = 'C:/Program Files/Unity/Editor/Data/MonoBleedingEdge/lib/mono/unityjit'
Mono config path = 'C:/Program Files/Unity/Editor/Data/MonoBleedingEdge/etc'
Using monoOptions --debugger-agent=transport=dt_socket,embedding=1,server=y,suspend=n,address=127.0.0.1:56524
Begin MonoManager ReloadAssembly
Registering precompiled unity dll's ...
Register platform support module: C:/Program Files/Unity/Editor/Data/PlaybackEngines/WindowsStandaloneSupport/UnityEditor.WindowsStandalone.Extensions.dll
Registered in 0.001964 seconds.
Native extension for WindowsStandalone target not found
Refreshing native plugins compatible for Editor in 30.71 ms, found 2 plugins.
Preloading 0 native plugins for Editor in 0.00 ms.
Mono: successfully reloaded assembly
- Completed reload, in  1.818 seconds
Platform modules already initialized, skipping
Registering precompiled user dll's ...
Registered in 0.110463 seconds.
Begin MonoManager ReloadAssembly
Native extension for WindowsStandalone target not found
Refreshing native plugins compatible for Editor in 0.37 ms, found 2 plugins.
Preloading 0 native plugins for Editor in 0.00 ms.
Mono: successfully reloaded assembly
- Completed reload, in  3.070 seconds
Platform modules already initialized, skipping
========================================================================
Worker process is ready to serve import requests
Launched and connected shader compiler UnityShaderCompiler.exe after 0.16 seconds
Refreshing native plugins compatible for Editor in 0.51 ms, found 2 plugins.
Preloading 0 native plugins for Editor in 0.00 ms.
Unloading 1515 Unused Serialized files (Serialized files now loaded: 0)
System memory in use before: 78.5 MB.
System memory in use after: 78.2 MB.

Unloading 21 unused Assets to reduce memory usage. Loaded Objects now: 1955.
Total: 2.875900 ms (FindLiveObjects: 0.220600 ms CreateObjectMapping: 0.051400 ms MarkObjects: 2.245500 ms  DeleteObjects: 0.356600 ms)

========================================================================
Received Import Request.
  path: Assets/Detective Desk.mb
  artifactKey: Guid(fddaa3ac1769f884fa133c3f243f4973) Importer(815301076,1909f56bfc062723c751e8b465ee728b)
Start importing Assets/Detective Desk.mb using Guid(fddaa3ac1769f884fa133c3f243f4973) Importer(815301076,1909f56bfc062723c751e8b465ee728b)  -> (artifact id: 'f463eda5b73f3d432e8e2f76d8159589') in 0.264141 seconds
  Import took 0.509718 seconds .

========================================================================
Received Prepare
Registering precompiled user dll's ...
Registered in 0.251740 seconds.
Begin MonoManager ReloadAssembly
Native extension for WindowsStandalone target not found
Refreshing native plugins compatible for Editor in 0.38 ms, found 2 plugins.
Preloading 0 native plugins for Editor in 0.00 ms.
Mono: successfully reloaded assembly
- Completed reload, in  6.562 seconds
Platform modules already initialized, skipping
Refreshing native plugins compatible for Editor in 0.84 ms, found 2 plugins.
Preloading 0 native plugins for Editor in 0.00 ms.
Unloading 1491 Unused Serialized files (Serialized files now loaded: 0)
System memory in use before: 79.9 MB.
System memory in use after: 79.7 MB.

Unloading 17 unused Assets to reduce memory usage. Loaded Objects now: 2001.
Total: 3.535300 ms (FindLiveObjects: 0.244200 ms CreateObjectMapping: 0.073700 ms MarkObjects: 2.817900 ms  DeleteObjects: 0.397600 ms)

========================================================================
Received Prepare
Registering precompiled user dll's ...
Registered in 0.002721 seconds.
Begin MonoManager ReloadAssembly
Native extension for WindowsStandalone target not found
Refreshing native plugins compatible for Editor in 0.37 ms, found 2 plugins.
Preloading 0 native plugins for Editor in 0.00 ms.
Mono: successfully reloaded assembly
- Completed reload, in  0.857 seconds
Platform modules already initialized, skipping
Refreshing native plugins compatible for Editor in 0.36 ms, found 2 plugins.
Preloading 0 native plugins for Editor in 0.00 ms.
Unloading 1491 Unused Serialized files (Serialized files now loaded: 0)
System memory in use before: 80.0 MB.
System memory in use after: 79.7 MB.

Unloading 16 unused Assets to reduce memory usage. Loaded Objects now: 2004.
Total: 2.083500 ms (FindLiveObjects: 0.161800 ms CreateObjectMapping: 0.047200 ms MarkObjects: 1.530000 ms  DeleteObjects: 0.343200 ms)

========================================================================
Received Import Request.
  Time since last request: 60491.637040 seconds.
  path: Assets/Cigarette.mb
  artifactKey: Guid(5ea78ecf9db6b044a953f08de20bfde2) Importer(815301076,1909f56bfc062723c751e8b465ee728b)
Start importing Assets/Cigarette.mb using Guid(5ea78ecf9db6b044a953f08de20bfde2) Importer(815301076,1909f56bfc062723c751e8b465ee728b)  -> (artifact id: '0d985e8a1a6b6b2d04c487e88e16956c') in 2.052703 seconds
  Import took 2.072068 seconds .

========================================================================
Received Import Request.
  Time since last request: 246.194588 seconds.
  path: Assets/Cig Burnt.jpg
  artifactKey: Guid(c4514abc9b7bb3344b190760216b961d) Importer(815301076,1909f56bfc062723c751e8b465ee728b)
Start importing Assets/Cig Burnt.jpg using Guid(c4514abc9b7bb3344b190760216b961d) Importer(815301076,1909f56bfc062723c751e8b465ee728b)  -> (artifact id: '194f0d780d8a2b72317a0d6d54899126') in 0.488522 seconds
  Import took 0.504293 seconds .

========================================================================
Received Prepare
Registering precompiled user dll's ...
Registered in 0.019173 seconds.
Begin MonoManager ReloadAssembly
Native extension for WindowsStandalone target not found
Refreshing native plugins compatible for Editor in 0.41 ms, found 2 plugins.
Preloading 0 native plugins for Editor in 0.00 ms.
Mono: successfully reloaded assembly
- Completed reload, in  1.101 seconds
Platform modules already initialized, skipping
Refreshing native plugins compatible for Editor in 0.43 ms, found 2 plugins.
Preloading 0 native plugins for Editor in 0.00 ms.
Unloading 1491 Unused Serialized files (Serialized files now loaded: 0)
System memory in use before: 80.0 MB.
System memory in use after: 79.7 MB.

Unloading 16 unused Assets to reduce memory usage. Loaded Objects now: 2009.
Total: 2.447000 ms (FindLiveObjects: 0.169100 ms CreateObjectMapping: 0.048800 ms MarkObjects: 1.835200 ms  DeleteObjects: 0.392900 ms)

========================================================================
Received Prepare
Registering precompiled user dll's ...
Registered in 0.020231 seconds.
Begin MonoManager ReloadAssembly
Native extension for WindowsStandalone target not found
Refreshing native plugins compatible for Editor in 0.36 ms, found 2 plugins.
Preloading 0 native plugins for Editor in 0.00 ms.
Mono: successfully reloaded assembly
- Completed reload, in  0.904 seconds
Platform modules already initialized, skipping
Refreshing native plugins compatible for Editor in 0.40 ms, found 2 plugins.
Preloading 0 native plugins for Editor in 0.00 ms.
Unloading 1491 Unused Serialized files (Serialized files now loaded: 0)
System memory in use before: 80.0 MB.
System memory in use after: 79.8 MB.

Unloading 16 unused Assets to reduce memory usage. Loaded Objects now: 2012.
Total: 2.205700 ms (FindLiveObjects: 0.198900 ms CreateObjectMapping: 0.054700 ms MarkObjects: 1.610800 ms  DeleteObjects: 0.340000 ms)

========================================================================
Received Prepare
Registering precompiled user dll's ...
Registered in 0.002801 seconds.
Begin MonoManager ReloadAssembly
Native extension for WindowsStandalone target not found
Refreshing native plugins compatible for Editor in 0.45 ms, found 2 plugins.
Preloading 0 native plugins for Editor in 0.00 ms.
Mono: successfully reloaded assembly
- Completed reload, in  0.859 seconds
Platform modules already initialized, skipping
Refreshing native plugins compatible for Editor in 0.42 ms, found 2 plugins.
Preloading 0 native plugins for Editor in 0.00 ms.
Unloading 1491 Unused Serialized files (Serialized files now loaded: 0)
System memory in use before: 80.0 MB.
System memory in use after: 79.8 MB.

Unloading 16 unused Assets to reduce memory usage. Loaded Objects now: 2015.
Total: 2.088100 ms (FindLiveObjects: 0.155200 ms CreateObjectMapping: 0.048800 ms MarkObjects: 1.554100 ms  DeleteObjects: 0.329100 ms)

========================================================================
Received Import Request.
  Time since last request: 751.263766 seconds.
  path: Assets/New Material 1.mat
  artifactKey: Guid(23a3415aaad5b92478a268b56a41e9d0) Importer(815301076,1909f56bfc062723c751e8b465ee728b)
Start importing Assets/New Material 1.mat using Guid(23a3415aaad5b92478a268b56a41e9d0) Importer(815301076,1909f56bfc062723c751e8b465ee728b)  -> (artifact id: '27263a7871877ed76fd8c0d12bb85d4c') in 0.343266 seconds
  Import took 0.400384 seconds .

========================================================================
Received Import Request.
  Time since last request: 17.399892 seconds.
  path: Assets/Cig Glow.mat
  artifactKey: Guid(23a3415aaad5b92478a268b56a41e9d0) Importer(815301076,1909f56bfc062723c751e8b465ee728b)
Start importing Assets/Cig Glow.mat using Guid(23a3415aaad5b92478a268b56a41e9d0) Importer(815301076,1909f56bfc062723c751e8b465ee728b)  -> (artifact id: 'a3b9856d5ef4ca4cf9c2ea2ea080f6ab') in 0.076250 seconds
  Import took 0.218359 seconds .

========================================================================
Received Prepare
Registering precompiled user dll's ...
Registered in 0.002697 seconds.
Begin MonoManager ReloadAssembly
Native extension for WindowsStandalone target not found
Refreshing native plugins compatible for Editor in 0.37 ms, found 2 plugins.
Preloading 0 native plugins for Editor in 0.00 ms.
Mono: successfully reloaded assembly
- Completed reload, in  0.852 seconds
Platform modules already initialized, skipping
Refreshing native plugins compatible for Editor in 0.36 ms, found 2 plugins.
Preloading 0 native plugins for Editor in 0.00 ms.
Unloading 1491 Unused Serialized files (Serialized files now loaded: 0)
System memory in use before: 80.1 MB.
System memory in use after: 79.8 MB.

Unloading 16 unused Assets to reduce memory usage. Loaded Objects now: 2019.
Total: 2.076500 ms (FindLiveObjects: 0.143000 ms CreateObjectMapping: 0.040700 ms MarkObjects: 1.549700 ms  DeleteObjects: 0.342300 ms)

========================================================================
Received Import Request.
  Time since last request: 391.216414 seconds.
  path: Assets/Desk.mat
  artifactKey: Guid(b7e018cb8c08596428b7eed3b3bcb9d1) Importer(815301076,1909f56bfc062723c751e8b465ee728b)
Start importing Assets/Desk.mat using Guid(b7e018cb8c08596428b7eed3b3bcb9d1) Importer(815301076,1909f56bfc062723c751e8b465ee728b)  -> (artifact id: '3298b66ec64ce4e8256b549aa9726d3c') in 0.083341 seconds
  Import took 0.114170 seconds .

========================================================================
Received Prepare
Registering precompiled user dll's ...
Registered in 0.002580 seconds.
Begin MonoManager ReloadAssembly
Native extension for WindowsStandalone target not found
Refreshing native plugins compatible for Editor in 0.36 ms, found 2 plugins.
Preloading 0 native plugins for Editor in 0.00 ms.
Mono: successfully reloaded assembly
- Completed reload, in  0.888 seconds
Platform modules already initialized, skipping
Refreshing native plugins compatible for Editor in 0.36 ms, found 2 plugins.
Preloading 0 native plugins for Editor in 0.00 ms.
Unloading 1491 Unused Serialized files (Serialized files now loaded: 0)
System memory in use before: 80.1 MB.
System memory in use after: 79.8 MB.

Unloading 16 unused Assets to reduce memory usage. Loaded Objects now: 2023.
Total: 2.268300 ms (FindLiveObjects: 0.177100 ms CreateObjectMapping: 0.046900 ms MarkObjects: 1.697400 ms  DeleteObjects: 0.345400 ms)

========================================================================
Received Import Request.
  Time since last request: 515.487078 seconds.
  path: Assets/Cig Glow.mat
  artifactKey: Guid(23a3415aaad5b92478a268b56a41e9d0) Importer(815301076,1909f56bfc062723c751e8b465ee728b)
Start importing Assets/Cig Glow.mat using Guid(23a3415aaad5b92478a268b56a41e9d0) Importer(815301076,1909f56bfc062723c751e8b465ee728b)  -> (artifact id: 'c5eba504214d8c12f288de45bef5ebac') in 0.089916 seconds
  Import took 0.104747 seconds .

========================================================================
Received Import Request.
  Time since last request: 0.000213 seconds.
  path: Assets/New Material.mat
  artifactKey: Guid(183a1134828282447bfa602f6a2ba1d2) Importer(815301076,1909f56bfc062723c751e8b465ee728b)
Start importing Assets/New Material.mat using Guid(183a1134828282447bfa602f6a2ba1d2) Importer(815301076,1909f56bfc062723c751e8b465ee728b)  -> (artifact id: '2f5569a0200d102fae5fa531742cd0a4') in 0.089770 seconds
  Import took 0.116514 seconds .

========================================================================
Received Import Request.
  Time since last request: 0.000207 seconds.
  path: Assets/Desk.mat
  artifactKey: Guid(b7e018cb8c08596428b7eed3b3bcb9d1) Importer(815301076,1909f56bfc062723c751e8b465ee728b)
Start importing Assets/Desk.mat using Guid(b7e018cb8c08596428b7eed3b3bcb9d1) Importer(815301076,1909f56bfc062723c751e8b465ee728b)  -> (artifact id: 'c49aed560450a0db11eca1098d0c0dda') in 0.017653 seconds
  Import took 0.019916 seconds .

========================================================================
Received Import Request.
  Time since last request: 14.677180 seconds.
  path: Assets/EffectTexturesAndPrefabs
  artifactKey: Guid(88efa83f4e9159743b00a820ebfb2c77) Importer(815301076,1909f56bfc062723c751e8b465ee728b)
Start importing Assets/EffectTexturesAndPrefabs using Guid(88efa83f4e9159743b00a820ebfb2c77) Importer(815301076,1909f56bfc062723c751e8b465ee728b)  -> (artifact id: '5c095e9ce481fd6129969f394f1b76da') in 0.006462 seconds
  Import took 0.009576 seconds .

========================================================================
Received Import Request.
  Time since last request: 23.100380 seconds.
  path: Assets/EffectTexturesAndPrefabs/Animations
  artifactKey: Guid(27d837b9f58640c48a20a83fc0f964ae) Importer(815301076,1909f56bfc062723c751e8b465ee728b)
Start importing Assets/EffectTexturesAndPrefabs/Animations using Guid(27d837b9f58640c48a20a83fc0f964ae) Importer(815301076,1909f56bfc062723c751e8b465ee728b)  -> (artifact id: '0d4fa075e25e67761a8e862f33296ee0') in 0.025631 seconds
  Import took 0.047300 seconds .

========================================================================
Received Import Request.
  Time since last request: 4.491542 seconds.
  path: Assets/EffectTexturesAndPrefabs/Prefabs
  artifactKey: Guid(a3a504e408ca2f24697af91ece75274d) Importer(815301076,1909f56bfc062723c751e8b465ee728b)
Start importing Assets/EffectTexturesAndPrefabs/Prefabs using Guid(a3a504e408ca2f24697af91ece75274d) Importer(815301076,1909f56bfc062723c751e8b465ee728b)  -> (artifact id: '8a27ff387b8c5e24ddecec69cce63d34') in 0.016662 seconds
  Import took 0.048097 seconds .

========================================================================
Received Import Request.
  Time since last request: 0.018764 seconds.
  path: Assets/EffectTexturesAndPrefabs/Prefabs/BlueGuy.fbx
  artifactKey: Guid(fb2b06b61d6822d449ad6dff7007557d) Importer(815301076,1909f56bfc062723c751e8b465ee728b)
Start importing Assets/EffectTexturesAndPrefabs/Prefabs/BlueGuy.fbx using Guid(fb2b06b61d6822d449ad6dff7007557d) Importer(815301076,1909f56bfc062723c751e8b465ee728b)  -> (artifact id: '793d4a1f03f489d76fcf1213bebf2aa1') in 0.130515 seconds
  Import took 0.133003 seconds .

========================================================================
Received Import Request.
  Time since last request: 0.000263 seconds.
  path: Assets/EffectTexturesAndPrefabs/Prefabs/Star_B.prefab
  artifactKey: Guid(2547a66872ebe45408ace228820a79e1) Importer(815301076,1909f56bfc062723c751e8b465ee728b)
Start importing Assets/EffectTexturesAndPrefabs/Prefabs/Star_B.prefab using Guid(2547a66872ebe45408ace228820a79e1) Importer(815301076,1909f56bfc062723c751e8b465ee728b)  -> (artifact id: '1019f77aea417efcb276a8ea6282fe87') in 0.028104 seconds
  Import took 0.047273 seconds .

========================================================================
Received Import Request.
  Time since last request: 0.000267 seconds.
  path: Assets/EffectTexturesAndPrefabs/Prefabs/Heart.prefab
  artifactKey: Guid(f87e7926fd589094b8a269e14b8bea5e) Importer(815301076,1909f56bfc062723c751e8b465ee728b)
Start importing Assets/EffectTexturesAndPrefabs/Prefabs/Heart.prefab using Guid(f87e7926fd589094b8a269e14b8bea5e) Importer(815301076,1909f56bfc062723c751e8b465ee728b)  -> (artifact id: '1d92ed9bf6bb912ed060baffb2d143d7') in 0.005839 seconds
  Import took 0.029453 seconds .

========================================================================
Received Import Request.
  Time since last request: 0.000257 seconds.
  path: Assets/EffectTexturesAndPrefabs/Prefabs/DustSmoke_A.prefab
  artifactKey: Guid(e5df5caad603c8349ba3481b8ded0927) Importer(815301076,1909f56bfc062723c751e8b465ee728b)
Start importing Assets/EffectTexturesAndPrefabs/Prefabs/DustSmoke_A.prefab using Guid(e5df5caad603c8349ba3481b8ded0927) Importer(815301076,1909f56bfc062723c751e8b465ee728b)  -> (artifact id: 'f5790f87168158242da89502c1f69ace') in 0.021617 seconds
  Import took 0.024177 seconds .

========================================================================
Received Import Request.
  Time since last request: 0.000198 seconds.
  path: Assets/EffectTexturesAndPrefabs/Prefabs/smoke_thick.prefab
  artifactKey: Guid(d26aaf76e6e2409448242b9a2d66f31f) Importer(815301076,1909f56bfc062723c751e8b465ee728b)
Start importing Assets/EffectTexturesAndPrefabs/Prefabs/smoke_thick.prefab using Guid(d26aaf76e6e2409448242b9a2d66f31f) Importer(815301076,1909f56bfc062723c751e8b465ee728b)  -> (artifact id: '9cb6118b4829e4a044909be59261c4d7') in 0.014122 seconds
  Import took 0.016627 seconds .

========================================================================
Received Import Request.
  Time since last request: 0.000211 seconds.
  path: Assets/EffectTexturesAndPrefabs/Prefabs/Plane.prefab
  artifactKey: Guid(d1fbff3227e65a143b2f53a6f47faaca) Importer(815301076,1909f56bfc062723c751e8b465ee728b)
Start importing Assets/EffectTexturesAndPrefabs/Prefabs/Plane.prefab using Guid(d1fbff3227e65a143b2f53a6f47faaca) Importer(815301076,1909f56bfc062723c751e8b465ee728b)  -> (artifact id: '018ffa8bbdfedd8d1a2fae9c7cee257c') in 0.013199 seconds
  Import took 0.015450 seconds .

========================================================================
Received Import Request.
  Time since last request: 0.000263 seconds.
  path: Assets/EffectTexturesAndPrefabs/Prefabs/MuzzleFlash.prefab
  artifactKey: Guid(9bf79f2d846a57440a981c168c87c617) Importer(815301076,1909f56bfc062723c751e8b465ee728b)
Start importing Assets/EffectTexturesAndPrefabs/Prefabs/MuzzleFlash.prefab using Guid(9bf79f2d846a57440a981c168c87c617) Importer(815301076,1909f56bfc062723c751e8b465ee728b)  -> (artifact id: '6b6551672f73b710c3be0b71609c046e') in 0.255418 seconds
  Import took 0.273910 seconds .

========================================================================
Received Import Request.
  Time since last request: 0.000280 seconds.
  path: Assets/EffectTexturesAndPrefabs/Prefabs/Fire_A.prefab
  artifactKey: Guid(8b47f39d91e61384889cff33839361dc) Importer(815301076,1909f56bfc062723c751e8b465ee728b)
Start importing Assets/EffectTexturesAndPrefabs/Prefabs/Fire_A.prefab using Guid(8b47f39d91e61384889cff33839361dc) Importer(815301076,1909f56bfc062723c751e8b465ee728b)  -> (artifact id: 'f30092acc5e44a9cdb8ef019cb1da7c5') in 0.023364 seconds
  Import took 0.026739 seconds .

========================================================================
Received Import Request.
  Time since last request: 0.000322 seconds.
  path: Assets/EffectTexturesAndPrefabs/Prefabs/Explosion_A.prefab
  artifactKey: Guid(779aa8c25fbd0e1488637639c9fff976) Importer(815301076,1909f56bfc062723c751e8b465ee728b)
Start importing Assets/EffectTexturesAndPrefabs/Prefabs/Explosion_A.prefab using Guid(779aa8c25fbd0e1488637639c9fff976) Importer(815301076,1909f56bfc062723c751e8b465ee728b)  -> (artifact id: '9d877d0b984feaf9a2b9ca24fbb7caf3') in 0.007248 seconds
  Import took 0.039250 seconds .

========================================================================
Received Import Request.
  Time since last request: 0.000228 seconds.
  path: Assets/EffectTexturesAndPrefabs/Prefabs/smoke_thin.prefab
  artifactKey: Guid(b07739ad126c6ff46875821c2a3cd124) Importer(815301076,1909f56bfc062723c751e8b465ee728b)
Start importing Assets/EffectTexturesAndPrefabs/Prefabs/smoke_thin.prefab using Guid(b07739ad126c6ff46875821c2a3cd124) Importer(815301076,1909f56bfc062723c751e8b465ee728b)  -> (artifact id: 'a68eb7ab50e16395f633f6269dec6341') in 0.006130 seconds
  Import took 0.008378 seconds .

========================================================================
Received Import Request.
  Time since last request: 0.000214 seconds.
  path: Assets/EffectTexturesAndPrefabs/Prefabs/HitEffect_A.prefab
  artifactKey: Guid(643639841fb531e4ba8097fed4eb9ac7) Importer(815301076,1909f56bfc062723c751e8b465ee728b)
Start importing Assets/EffectTexturesAndPrefabs/Prefabs/HitEffect_A.prefab using Guid(643639841fb531e4ba8097fed4eb9ac7) Importer(815301076,1909f56bfc062723c751e8b465ee728b)  -> (artifact id: '4736c3419ca4ee2b040590ab027deee2') in 0.005683 seconds
  Import took 0.028329 seconds .

========================================================================
Received Import Request.
  Time since last request: 0.000274 seconds.
  path: Assets/EffectTexturesAndPrefabs/Prefabs/ShockWave.prefab
  artifactKey: Guid(5cbc537826220e04592d5a41a0dd985f) Importer(815301076,1909f56bfc062723c751e8b465ee728b)
Start importing Assets/EffectTexturesAndPrefabs/Prefabs/ShockWave.prefab using Guid(5cbc537826220e04592d5a41a0dd985f) Importer(815301076,1909f56bfc062723c751e8b465ee728b)  -> (artifact id: '336d37008b08606f4a1240c732ad48e2') in 0.049486 seconds
  Import took 0.052032 seconds .

========================================================================
Received Import Request.
  Time since last request: 0.000204 seconds.
  path: Assets/EffectTexturesAndPrefabs/Prefabs/Star_A.prefab
  artifactKey: Guid(cc461484bcafc664fb68be84c1fc6860) Importer(815301076,1909f56bfc062723c751e8b465ee728b)
Start importing Assets/EffectTexturesAndPrefabs/Prefabs/Star_A.prefab using Guid(cc461484bcafc664fb68be84c1fc6860) Importer(815301076,1909f56bfc062723c751e8b465ee728b)  -> (artifact id: '0f709d537bd4beb6649976d394101042') in 0.006898 seconds
  Import took 0.009562 seconds .

========================================================================
Received Import Request.
  Time since last request: 0.000284 seconds.
  path: Assets/EffectTexturesAndPrefabs/Prefabs/Fire_B.prefab
  artifactKey: Guid(83f5e574addfb424ebd95bbb8ff8b080) Importer(815301076,1909f56bfc062723c751e8b465ee728b)
Start importing Assets/EffectTexturesAndPrefabs/Prefabs/Fire_B.prefab using Guid(83f5e574addfb424ebd95bbb8ff8b080) Importer(815301076,1909f56bfc062723c751e8b465ee728b)  -> (artifact id: '28f2b560348423b084c8a2a7a36c4d8c') in 0.021295 seconds
  Import took 0.024467 seconds .

========================================================================
Received Import Request.
  Time since last request: 0.000271 seconds.
  path: Assets/EffectTexturesAndPrefabs/Prefabs/HitEffect_B.prefab
  artifactKey: Guid(3fe0df07025a3e747855b1bb671fc04e) Importer(815301076,1909f56bfc062723c751e8b465ee728b)
Start importing Assets/EffectTexturesAndPrefabs/Prefabs/HitEffect_B.prefab using Guid(3fe0df07025a3e747855b1bb671fc04e) Importer(815301076,1909f56bfc062723c751e8b465ee728b)  -> (artifact id: 'b2908312f8253a16e5363a698a0e62ad') in 0.041422 seconds
  Import took 0.044701 seconds .

========================================================================
Received Import Request.
  Time since last request: 0.000225 seconds.
  path: Assets/EffectTexturesAndPrefabs/Prefabs/Cube.prefab
  artifactKey: Guid(3db9e95faad829f4b953f712b1811fc5) Importer(815301076,1909f56bfc062723c751e8b465ee728b)
Start importing Assets/EffectTexturesAndPrefabs/Prefabs/Cube.prefab using Guid(3db9e95faad829f4b953f712b1811fc5) Importer(815301076,1909f56bfc062723c751e8b465ee728b)  -> (artifact id: 'bc040e77fc264534e6c95f054b8199c0') in 0.042956 seconds
  Import took 0.053563 seconds .

========================================================================
Received Import Request.
  Time since last request: 0.000226 seconds.
  path: Assets/EffectTexturesAndPrefabs/Prefabs/Spark.prefab
  artifactKey: Guid(18c0a8b63ea8b4448a595b0c24c1384a) Importer(815301076,1909f56bfc062723c751e8b465ee728b)
Start importing Assets/EffectTexturesAndPrefabs/Prefabs/Spark.prefab using Guid(18c0a8b63ea8b4448a595b0c24c1384a) Importer(815301076,1909f56bfc062723c751e8b465ee728b)  -> (artifact id: '849e29332a214c013e83bd8af53e1367') in 0.027142 seconds
  Import took 0.029631 seconds .

========================================================================
Received Import Request.
  Time since last request: 92.726400 seconds.
  path: Assets/EffectTexturesAndPrefabs/Materials/Smoke_thin.mat
  artifactKey: Guid(8764e26efc3afff4db4bfbabc8fd2043) Importer(815301076,1909f56bfc062723c751e8b465ee728b)
Start importing Assets/EffectTexturesAndPrefabs/Materials/Smoke_thin.mat using Guid(8764e26efc3afff4db4bfbabc8fd2043) Importer(815301076,1909f56bfc062723c751e8b465ee728b)  -> (artifact id: '07bed6ba6bf7a347eb27723fa3a57733') in 5.069192 seconds
  Import took 5.153470 seconds .

========================================================================
Received Prepare
Registering precompiled user dll's ...
Registered in 0.069179 seconds.
Begin MonoManager ReloadAssembly
Native extension for WindowsStandalone target not found
Refreshing native plugins compatible for Editor in 0.37 ms, found 2 plugins.
Preloading 0 native plugins for Editor in 0.00 ms.
Mono: successfully reloaded assembly
- Completed reload, in  1.753 seconds
Platform modules already initialized, skipping
Refreshing native plugins compatible for Editor in 0.37 ms, found 2 plugins.
Preloading 0 native plugins for Editor in 0.00 ms.
Unloading 1491 Unused Serialized files (Serialized files now loaded: 0)
System memory in use before: 151.8 MB.
System memory in use after: 151.6 MB.

Unloading 17 unused Assets to reduce memory usage. Loaded Objects now: 2031.
Total: 2.071900 ms (FindLiveObjects: 0.182400 ms CreateObjectMapping: 0.044300 ms MarkObjects: 1.516900 ms  DeleteObjects: 0.327500 ms)

========================================================================
Received Import Request.
  Time since last request: 38.985138 seconds.
  path: Assets/EffectTexturesAndPrefabs/Prefabs/smoke_thin.prefab
  artifactKey: Guid(b07739ad126c6ff46875821c2a3cd124) Importer(815301076,1909f56bfc062723c751e8b465ee728b)
Start importing Assets/EffectTexturesAndPrefabs/Prefabs/smoke_thin.prefab using Guid(b07739ad126c6ff46875821c2a3cd124) Importer(815301076,1909f56bfc062723c751e8b465ee728b)  -> (artifact id: 'e1bea3772fdc05a53682de565d3fa4a1') in 0.031016 seconds
  Import took 0.033569 seconds .

========================================================================
Received Import Request.
  Time since last request: 0.257653 seconds.
  path: Assets/EffectTexturesAndPrefabs/Prefabs/smoke_thin.prefab
  artifactKey: Guid(b07739ad126c6ff46875821c2a3cd124) Importer(815301076,1909f56bfc062723c751e8b465ee728b)
Start importing Assets/EffectTexturesAndPrefabs/Prefabs/smoke_thin.prefab using Guid(b07739ad126c6ff46875821c2a3cd124) Importer(815301076,1909f56bfc062723c751e8b465ee728b)  -> (artifact id: '569336d09ad6984c94c0bf824a72145d') in 0.003576 seconds
  Import took 0.010713 seconds .

========================================================================
Received Import Request.
  Time since last request: 3.563719 seconds.
  path: Assets/EffectTexturesAndPrefabs/Prefabs/smoke_thin.prefab
  artifactKey: Guid(b07739ad126c6ff46875821c2a3cd124) Importer(815301076,1909f56bfc062723c751e8b465ee728b)
Start importing Assets/EffectTexturesAndPrefabs/Prefabs/smoke_thin.prefab using Guid(b07739ad126c6ff46875821c2a3cd124) Importer(815301076,1909f56bfc062723c751e8b465ee728b)  -> (artifact id: '07470dd4cf714d545279250e73d92837') in 0.003754 seconds
  Import took 0.021665 seconds .

========================================================================
Received Import Request.
  Time since last request: 4.184958 seconds.
  path: Assets/EffectTexturesAndPrefabs/Prefabs/smoke_thin.prefab
  artifactKey: Guid(b07739ad126c6ff46875821c2a3cd124) Importer(815301076,1909f56bfc062723c751e8b465ee728b)
Start importing Assets/EffectTexturesAndPrefabs/Prefabs/smoke_thin.prefab using Guid(b07739ad126c6ff46875821c2a3cd124) Importer(815301076,1909f56bfc062723c751e8b465ee728b)  -> (artifact id: '556dade6e09655b6a37ac4905a12cdce') in 0.004049 seconds
  Import took 0.007726 seconds .

========================================================================
Received Import Request.
  Time since last request: 6.985453 seconds.
  path: Assets/EffectTexturesAndPrefabs/Prefabs/smoke_thin.prefab
  artifactKey: Guid(b07739ad126c6ff46875821c2a3cd124) Importer(815301076,1909f56bfc062723c751e8b465ee728b)
Start importing Assets/EffectTexturesAndPrefabs/Prefabs/smoke_thin.prefab using Guid(b07739ad126c6ff46875821c2a3cd124) Importer(815301076,1909f56bfc062723c751e8b465ee728b)  -> (artifact id: 'a861ef030f0aad143635179f67ddfebd') in 0.003976 seconds
  Import took 0.007441 seconds .

========================================================================
Received Import Request.
  Time since last request: 25.666227 seconds.
  path: Assets/EffectTexturesAndPrefabs/Prefabs/smoke_thin.prefab
  artifactKey: Guid(b07739ad126c6ff46875821c2a3cd124) Importer(815301076,1909f56bfc062723c751e8b465ee728b)
Start importing Assets/EffectTexturesAndPrefabs/Prefabs/smoke_thin.prefab using Guid(b07739ad126c6ff46875821c2a3cd124) Importer(815301076,1909f56bfc062723c751e8b465ee728b)  -> (artifact id: 'a86626463c46d712dac411480b575abf') in 0.004141 seconds
  Import took 0.007367 seconds .

========================================================================
Received Import Request.
  Time since last request: 20.866629 seconds.
  path: Assets/EffectTexturesAndPrefabs/Prefabs/smoke_thin.prefab
  artifactKey: Guid(b07739ad126c6ff46875821c2a3cd124) Importer(815301076,1909f56bfc062723c751e8b465ee728b)
Start importing Assets/EffectTexturesAndPrefabs/Prefabs/smoke_thin.prefab using Guid(b07739ad126c6ff46875821c2a3cd124) Importer(815301076,1909f56bfc062723c751e8b465ee728b)  -> (artifact id: '789879a49d68aa2ea90c27d32266b694') in 0.003377 seconds
  Import took 0.006375 seconds .

========================================================================
Received Import Request.
  Time since last request: 4.002547 seconds.
  path: Assets/EffectTexturesAndPrefabs/Prefabs/smoke_thin.prefab
  artifactKey: Guid(b07739ad126c6ff46875821c2a3cd124) Importer(815301076,1909f56bfc062723c751e8b465ee728b)
Start importing Assets/EffectTexturesAndPrefabs/Prefabs/smoke_thin.prefab using Guid(b07739ad126c6ff46875821c2a3cd124) Importer(815301076,1909f56bfc062723c751e8b465ee728b)  -> (artifact id: '767e5088d45a584822e99e9fb565fc27') in 0.003905 seconds
  Import took 0.055514 seconds .

========================================================================
Received Import Request.
  Time since last request: 34.763295 seconds.
  path: Assets/EffectTexturesAndPrefabs/Prefabs/smoke_thin.prefab
  artifactKey: Guid(b07739ad126c6ff46875821c2a3cd124) Importer(815301076,1909f56bfc062723c751e8b465ee728b)
Start importing Assets/EffectTexturesAndPrefabs/Prefabs/smoke_thin.prefab using Guid(b07739ad126c6ff46875821c2a3cd124) Importer(815301076,1909f56bfc062723c751e8b465ee728b)  -> (artifact id: '468a61e4bb6870cc0bc1e07884d48347') in 0.004136 seconds
  Import took 0.021333 seconds .

========================================================================
Received Prepare
Registering precompiled user dll's ...
Registered in 0.003391 seconds.
Begin MonoManager ReloadAssembly
Native extension for WindowsStandalone target not found
Refreshing native plugins compatible for Editor in 0.37 ms, found 2 plugins.
Preloading 0 native plugins for Editor in 0.00 ms.
Mono: successfully reloaded assembly
- Completed reload, in  0.911 seconds
Platform modules already initialized, skipping
Refreshing native plugins compatible for Editor in 0.40 ms, found 2 plugins.
Preloading 0 native plugins for Editor in 0.00 ms.
Unloading 1491 Unused Serialized files (Serialized files now loaded: 0)
System memory in use before: 151.8 MB.
System memory in use after: 151.6 MB.

Unloading 16 unused Assets to reduce memory usage. Loaded Objects now: 2034.
Total: 2.044700 ms (FindLiveObjects: 0.179500 ms CreateObjectMapping: 0.047700 ms MarkObjects: 1.469000 ms  DeleteObjects: 0.347700 ms)

========================================================================
Received Import Request.
  Time since last request: 88.181672 seconds.
  path: Assets/EffectTexturesAndPrefabs/Prefabs/smoke_thin.prefab
  artifactKey: Guid(b07739ad126c6ff46875821c2a3cd124) Importer(815301076,1909f56bfc062723c751e8b465ee728b)
Start importing Assets/EffectTexturesAndPrefabs/Prefabs/smoke_thin.prefab using Guid(b07739ad126c6ff46875821c2a3cd124) Importer(815301076,1909f56bfc062723c751e8b465ee728b)  -> (artifact id: 'b797c7fc4bdfc21cf40ba82c059d5779') in 0.024477 seconds
  Import took 0.072312 seconds .

========================================================================
Received Import Request.
  Time since last request: 9.616613 seconds.
  path: Assets/EffectTexturesAndPrefabs/Prefabs/smoke_thin.prefab
  artifactKey: Guid(b07739ad126c6ff46875821c2a3cd124) Importer(815301076,1909f56bfc062723c751e8b465ee728b)
Start importing Assets/EffectTexturesAndPrefabs/Prefabs/smoke_thin.prefab using Guid(b07739ad126c6ff46875821c2a3cd124) Importer(815301076,1909f56bfc062723c751e8b465ee728b)  -> (artifact id: '8b590b318c45e06a953c956f8da404c2') in 0.004380 seconds
  Import took 0.021740 seconds .

========================================================================
Received Import Request.
  Time since last request: 5.759909 seconds.
  path: Assets/EffectTexturesAndPrefabs/Prefabs/smoke_thin.prefab
  artifactKey: Guid(b07739ad126c6ff46875821c2a3cd124) Importer(815301076,1909f56bfc062723c751e8b465ee728b)
Start importing Assets/EffectTexturesAndPrefabs/Prefabs/smoke_thin.prefab using Guid(b07739ad126c6ff46875821c2a3cd124) Importer(815301076,1909f56bfc062723c751e8b465ee728b)  -> (artifact id: 'cea12d64a6ec7b2582088147f53e7907') in 0.004488 seconds
  Import took 0.010115 seconds .

========================================================================
Received Import Request.
  Time since last request: 3.749377 seconds.
  path: Assets/EffectTexturesAndPrefabs/Prefabs/smoke_thin.prefab
  artifactKey: Guid(b07739ad126c6ff46875821c2a3cd124) Importer(815301076,1909f56bfc062723c751e8b465ee728b)
Start importing Assets/EffectTexturesAndPrefabs/Prefabs/smoke_thin.prefab using Guid(b07739ad126c6ff46875821c2a3cd124) Importer(815301076,1909f56bfc062723c751e8b465ee728b)  -> (artifact id: '19896923864bdcaa4ea1fdf28d58a1b6') in 0.004400 seconds
  Import took 0.007770 seconds .

========================================================================
Received Prepare
Registering precompiled user dll's ...
Registered in 0.002669 seconds.
Begin MonoManager ReloadAssembly
Native extension for WindowsStandalone target not found
Refreshing native plugins compatible for Editor in 0.42 ms, found 2 plugins.
Preloading 0 native plugins for Editor in 0.00 ms.
Mono: successfully reloaded assembly
- Completed reload, in  0.957 seconds
Platform modules already initialized, skipping
Refreshing native plugins compatible for Editor in 0.39 ms, found 2 plugins.
Preloading 0 native plugins for Editor in 0.00 ms.
Unloading 1491 Unused Serialized files (Serialized files now loaded: 0)
System memory in use before: 151.9 MB.
System memory in use after: 151.6 MB.

Unloading 16 unused Assets to reduce memory usage. Loaded Objects now: 2037.
Total: 2.181900 ms (FindLiveObjects: 0.168600 ms CreateObjectMapping: 0.047300 ms MarkObjects: 1.591900 ms  DeleteObjects: 0.373100 ms)

========================================================================
Received Import Request.
  Time since last request: 25.779049 seconds.
  path: Assets/EffectTexturesAndPrefabs/Prefabs/smoke_thin.prefab
  artifactKey: Guid(b07739ad126c6ff46875821c2a3cd124) Importer(815301076,1909f56bfc062723c751e8b465ee728b)
Start importing Assets/EffectTexturesAndPrefabs/Prefabs/smoke_thin.prefab using Guid(b07739ad126c6ff46875821c2a3cd124) Importer(815301076,1909f56bfc062723c751e8b465ee728b)  -> (artifact id: 'f4d2f62688b594537027f7c8ed688644') in 0.023955 seconds
  Import took 0.026460 seconds .

========================================================================
Received Prepare
Registering precompiled user dll's ...
Registered in 0.002678 seconds.
Begin MonoManager ReloadAssembly
Native extension for WindowsStandalone target not found
Refreshing native plugins compatible for Editor in 0.40 ms, found 2 plugins.
Preloading 0 native plugins for Editor in 0.00 ms.
Mono: successfully reloaded assembly
- Completed reload, in  0.876 seconds
Platform modules already initialized, skipping
Refreshing native plugins compatible for Editor in 0.38 ms, found 2 plugins.
Preloading 0 native plugins for Editor in 0.00 ms.
Unloading 1491 Unused Serialized files (Serialized files now loaded: 0)
System memory in use before: 151.9 MB.
System memory in use after: 151.6 MB.

Unloading 16 unused Assets to reduce memory usage. Loaded Objects now: 2040.
Total: 2.053100 ms (FindLiveObjects: 0.172800 ms CreateObjectMapping: 0.046600 ms MarkObjects: 1.486300 ms  DeleteObjects: 0.346500 ms)

========================================================================
Received Import Request.
  Time since last request: 23.425772 seconds.
  path: Assets/EffectTexturesAndPrefabs/Prefabs/smoke_thin.prefab
  artifactKey: Guid(b07739ad126c6ff46875821c2a3cd124) Importer(815301076,1909f56bfc062723c751e8b465ee728b)
Start importing Assets/EffectTexturesAndPrefabs/Prefabs/smoke_thin.prefab using Guid(b07739ad126c6ff46875821c2a3cd124) Importer(815301076,1909f56bfc062723c751e8b465ee728b)  -> (artifact id: '1291ac7a9fb6c0c0e9128c6b957a5ac6') in 0.024986 seconds
  Import took 0.057952 seconds .

========================================================================
Received Import Request.
  Time since last request: 9.697738 seconds.
  path: Assets/EffectTexturesAndPrefabs/Prefabs/smoke_thin.prefab
  artifactKey: Guid(b07739ad126c6ff46875821c2a3cd124) Importer(815301076,1909f56bfc062723c751e8b465ee728b)
Start importing Assets/EffectTexturesAndPrefabs/Prefabs/smoke_thin.prefab using Guid(b07739ad126c6ff46875821c2a3cd124) Importer(815301076,1909f56bfc062723c751e8b465ee728b)  -> (artifact id: 'd674ee0bf8ea18c9f3e32601011f723d') in 0.003655 seconds
  Import took 0.006494 seconds .

========================================================================
Received Import Request.
  Time since last request: 26.459787 seconds.
  path: Assets/EffectTexturesAndPrefabs/Textures
  artifactKey: Guid(401e26d13061d7c439b9e36e15d76c6a) Importer(815301076,1909f56bfc062723c751e8b465ee728b)
Start importing Assets/EffectTexturesAndPrefabs/Textures using Guid(401e26d13061d7c439b9e36e15d76c6a) Importer(815301076,1909f56bfc062723c751e8b465ee728b)  -> (artifact id: '467c23b0f679e1f4959ace018eb41200') in 0.026887 seconds
  Import took 0.029273 seconds .

========================================================================
Received Import Request.
  Time since last request: 0.351037 seconds.
  path: Assets/EffectTexturesAndPrefabs/Textures/fire_A.png
  artifactKey: Guid(e4627330551d3014bb2d466848a06dff) Importer(815301076,1909f56bfc062723c751e8b465ee728b)
Start importing Assets/EffectTexturesAndPrefabs/Textures/fire_A.png using Guid(e4627330551d3014bb2d466848a06dff) Importer(815301076,1909f56bfc062723c751e8b465ee728b)  -> (artifact id: 'c20e8a7e03b1475cc67c365bc86c96f9') in 0.129572 seconds
  Import took 0.174440 seconds .

========================================================================
Received Import Request.
  Time since last request: 0.000278 seconds.
  path: Assets/EffectTexturesAndPrefabs/Textures/star_B.png
  artifactKey: Guid(a692e8fb04fe88f48b87e461b9e8409d) Importer(815301076,1909f56bfc062723c751e8b465ee728b)
Start importing Assets/EffectTexturesAndPrefabs/Textures/star_B.png using Guid(a692e8fb04fe88f48b87e461b9e8409d) Importer(815301076,1909f56bfc062723c751e8b465ee728b)  -> (artifact id: '29fa45578782542f31e02cbff54cfd49') in 0.140046 seconds
  Import took 0.161428 seconds .

========================================================================
Received Import Request.
  Time since last request: 0.000203 seconds.
  path: Assets/EffectTexturesAndPrefabs/Textures/smoke_n.png
  artifactKey: Guid(4cf38eda12d49f54d83a8d3de778eab9) Importer(815301076,1909f56bfc062723c751e8b465ee728b)
Start importing Assets/EffectTexturesAndPrefabs/Textures/smoke_n.png using Guid(4cf38eda12d49f54d83a8d3de778eab9) Importer(815301076,1909f56bfc062723c751e8b465ee728b)  -> (artifact id: '1ce5e99e2f27a192ca598393af2b5849') in 0.468492 seconds
  Import took 0.471529 seconds .

========================================================================
Received Import Request.
  Time since last request: 0.000288 seconds.
  path: Assets/EffectTexturesAndPrefabs/Textures/particle_A.png
  artifactKey: Guid(7a034c8d003ebef4d89457c73317547b) Importer(815301076,1909f56bfc062723c751e8b465ee728b)
Start importing Assets/EffectTexturesAndPrefabs/Textures/particle_A.png using Guid(7a034c8d003ebef4d89457c73317547b) Importer(815301076,1909f56bfc062723c751e8b465ee728b)  -> (artifact id: '9d4fe790995ee135b885f7c7b4c9ed61') in 0.174804 seconds
  Import took 0.177907 seconds .

========================================================================
Received Import Request.
  Time since last request: 0.000283 seconds.
  path: Assets/EffectTexturesAndPrefabs/Textures/star_A.png
  artifactKey: Guid(2a333df97c48b2b4e9610c526a3c3e5e) Importer(815301076,1909f56bfc062723c751e8b465ee728b)
Start importing Assets/EffectTexturesAndPrefabs/Textures/star_A.png using Guid(2a333df97c48b2b4e9610c526a3c3e5e) Importer(815301076,1909f56bfc062723c751e8b465ee728b)  -> (artifact id: 'd17fc0d970704978cb55f8b27f0fb2e7') in 0.057021 seconds
  Import took 0.080149 seconds .

========================================================================
Received Import Request.
  Time since last request: 0.000218 seconds.
  path: Assets/EffectTexturesAndPrefabs/Textures/light_ring.png
  artifactKey: Guid(e8e4bc588b1176c4aafab4804c6d8d98) Importer(815301076,1909f56bfc062723c751e8b465ee728b)
Start importing Assets/EffectTexturesAndPrefabs/Textures/light_ring.png using Guid(e8e4bc588b1176c4aafab4804c6d8d98) Importer(815301076,1909f56bfc062723c751e8b465ee728b)  -> (artifact id: 'ad1e67343fb702fed3d7bd07e01caff0') in 0.063555 seconds
  Import took 0.086846 seconds .

========================================================================
Received Import Request.
  Time since last request: 0.000251 seconds.
  path: Assets/EffectTexturesAndPrefabs/Textures/ShockWave.png
  artifactKey: Guid(068fda816d1984c4d9d66984ad9d3a03) Importer(815301076,1909f56bfc062723c751e8b465ee728b)
Start importing Assets/EffectTexturesAndPrefabs/Textures/ShockWave.png using Guid(068fda816d1984c4d9d66984ad9d3a03) Importer(815301076,1909f56bfc062723c751e8b465ee728b)  -> (artifact id: '3fd9fccdeeb2dc3aef983be0061e00ab') in 0.049754 seconds
  Import took 0.071062 seconds .

========================================================================
Received Import Request.
  Time since last request: 0.000242 seconds.
  path: Assets/EffectTexturesAndPrefabs/Textures/smoke_thin.png
  artifactKey: Guid(90dbf173ff255434d8191e5cbbe24576) Importer(815301076,1909f56bfc062723c751e8b465ee728b)
Start importing Assets/EffectTexturesAndPrefabs/Textures/smoke_thin.png using Guid(90dbf173ff255434d8191e5cbbe24576) Importer(815301076,1909f56bfc062723c751e8b465ee728b)  -> (artifact id: 'c52cab3e0f3f752874dbb622e57061e5') in 0.008055 seconds
  Import took 0.102810 seconds .

========================================================================
Received Import Request.
  Time since last request: 0.000248 seconds.
  path: Assets/EffectTexturesAndPrefabs/Textures/smoke_thick.png
  artifactKey: Guid(e21987f0672043a459d97b5331c087e9) Importer(815301076,1909f56bfc062723c751e8b465ee728b)
Start importing Assets/EffectTexturesAndPrefabs/Textures/smoke_thick.png using Guid(e21987f0672043a459d97b5331c087e9) Importer(815301076,1909f56bfc062723c751e8b465ee728b)  -> (artifact id: 'd8925e302c0beb1cc0b05d043c375ee7') in 0.004732 seconds
  Import took 0.030605 seconds .

========================================================================
Received Import Request.
  Time since last request: 0.006205 seconds.
  path: Assets/EffectTexturesAndPrefabs/Textures/heart.png
  artifactKey: Guid(d55c061dc27d0ce4a9ec883994eb8bf3) Importer(815301076,1909f56bfc062723c751e8b465ee728b)
Start importing Assets/EffectTexturesAndPrefabs/Textures/heart.png using Guid(d55c061dc27d0ce4a9ec883994eb8bf3) Importer(815301076,1909f56bfc062723c751e8b465ee728b)  -> (artifact id: '024065a72cc33544853b74568d37d6d4') in 0.047843 seconds
  Import took 0.077113 seconds .

========================================================================
Received Import Request.
  Time since last request: 0.000264 seconds.
  path: Assets/EffectTexturesAndPrefabs/Textures/light.png
  artifactKey: Guid(a6de0b4e38ace5e4281e0b18205d4615) Importer(815301076,1909f56bfc062723c751e8b465ee728b)
Start importing Assets/EffectTexturesAndPrefabs/Textures/light.png using Guid(a6de0b4e38ace5e4281e0b18205d4615) Importer(815301076,1909f56bfc062723c751e8b465ee728b)  -> (artifact id: '0cd137f7af6840f662ecd84f748fa61a') in 0.045342 seconds
  Import took 0.062718 seconds .

========================================================================
Received Import Request.
  Time since last request: 0.000240 seconds.
  path: Assets/EffectTexturesAndPrefabs/Textures/heart.png
  artifactKey: Guid(d55c061dc27d0ce4a9ec883994eb8bf3) Importer(815301076,1909f56bfc062723c751e8b465ee728b)
Start importing Assets/EffectTexturesAndPrefabs/Textures/heart.png using Guid(d55c061dc27d0ce4a9ec883994eb8bf3) Importer(815301076,1909f56bfc062723c751e8b465ee728b)  -> (artifact id: '024065a72cc33544853b74568d37d6d4') in 0.004421 seconds
  Import took 0.006730 seconds .

========================================================================
Received Import Request.
  Time since last request: 0.000285 seconds.
  path: Assets/EffectTexturesAndPrefabs/Textures/slash.png
  artifactKey: Guid(114545a4b70d362468dce7ca6f39e659) Importer(815301076,1909f56bfc062723c751e8b465ee728b)
Start importing Assets/EffectTexturesAndPrefabs/Textures/slash.png using Guid(114545a4b70d362468dce7ca6f39e659) Importer(815301076,1909f56bfc062723c751e8b465ee728b)  -> (artifact id: '751152174059b98a9e85a864eb178547') in 0.104134 seconds
  Import took 0.106731 seconds .

========================================================================
Received Import Request.
  Time since last request: 0.000250 seconds.
  path: Assets/EffectTexturesAndPrefabs/Textures/SparkParticle.png
  artifactKey: Guid(d9967c20ed8721d4fae012da762cd471) Importer(815301076,1909f56bfc062723c751e8b465ee728b)
Start importing Assets/EffectTexturesAndPrefabs/Textures/SparkParticle.png using Guid(d9967c20ed8721d4fae012da762cd471) Importer(815301076,1909f56bfc062723c751e8b465ee728b)  -> (artifact id: '98d7b5d4ec5af1bdb23682508cd89781') in 0.047617 seconds
  Import took 0.068139 seconds .

========================================================================
Received Import Request.
  Time since last request: 0.000209 seconds.
  path: Assets/EffectTexturesAndPrefabs/Textures/MuzzleFlash.tga
  artifactKey: Guid(76c091cfa73cb7e43b5e3a696b08e723) Importer(815301076,1909f56bfc062723c751e8b465ee728b)
Start importing Assets/EffectTexturesAndPrefabs/Textures/MuzzleFlash.tga using Guid(76c091cfa73cb7e43b5e3a696b08e723) Importer(815301076,1909f56bfc062723c751e8b465ee728b)  -> (artifact id: 'ee0a3a031905312167db52b291695213') in 0.091573 seconds
  Import took 0.093946 seconds .

========================================================================
Received Prepare
Registering precompiled user dll's ...
Registered in 0.002683 seconds.
Begin MonoManager ReloadAssembly
Native extension for WindowsStandalone target not found
Refreshing native plugins compatible for Editor in 0.87 ms, found 2 plugins.
Preloading 0 native plugins for Editor in 0.00 ms.
Mono: successfully reloaded assembly
- Completed reload, in  0.874 seconds
Platform modules already initialized, skipping
Refreshing native plugins compatible for Editor in 0.46 ms, found 2 plugins.
Preloading 0 native plugins for Editor in 0.00 ms.
Unloading 1491 Unused Serialized files (Serialized files now loaded: 0)
System memory in use before: 151.9 MB.
System memory in use after: 151.6 MB.

Unloading 16 unused Assets to reduce memory usage. Loaded Objects now: 2047.
Total: 2.067400 ms (FindLiveObjects: 0.145900 ms CreateObjectMapping: 0.045000 ms MarkObjects: 1.525700 ms  DeleteObjects: 0.349800 ms)

========================================================================
Received Prepare
Registering precompiled user dll's ...
Registered in 0.003113 seconds.
Begin MonoManager ReloadAssembly
Native extension for WindowsStandalone target not found
Refreshing native plugins compatible for Editor in 0.38 ms, found 2 plugins.
Preloading 0 native plugins for Editor in 0.00 ms.
Mono: successfully reloaded assembly
- Completed reload, in  1.086 seconds
Platform modules already initialized, skipping
Refreshing native plugins compatible for Editor in 0.55 ms, found 2 plugins.
Preloading 0 native plugins for Editor in 0.00 ms.
Unloading 1491 Unused Serialized files (Serialized files now loaded: 0)
System memory in use before: 151.9 MB.
System memory in use after: 151.6 MB.

Unloading 16 unused Assets to reduce memory usage. Loaded Objects now: 2050.
Total: 2.778600 ms (FindLiveObjects: 0.184700 ms CreateObjectMapping: 0.057300 ms MarkObjects: 2.123500 ms  DeleteObjects: 0.411500 ms)

========================================================================
Received Prepare
Registering precompiled user dll's ...
Registered in 0.002995 seconds.
Begin MonoManager ReloadAssembly
Native extension for WindowsStandalone target not found
Refreshing native plugins compatible for Editor in 0.38 ms, found 2 plugins.
Preloading 0 native plugins for Editor in 0.00 ms.
Mono: successfully reloaded assembly
- Completed reload, in  0.907 seconds
Platform modules already initialized, skipping
Refreshing native plugins compatible for Editor in 0.37 ms, found 2 plugins.
Preloading 0 native plugins for Editor in 0.00 ms.
Unloading 1491 Unused Serialized files (Serialized files now loaded: 0)
System memory in use before: 151.9 MB.
System memory in use after: 151.6 MB.

Unloading 16 unused Assets to reduce memory usage. Loaded Objects now: 2053.
Total: 2.011100 ms (FindLiveObjects: 0.147600 ms CreateObjectMapping: 0.041500 ms MarkObjects: 1.465900 ms  DeleteObjects: 0.355100 ms)

========================================================================
Received Prepare
Registering precompiled user dll's ...
Registered in 0.003354 seconds.
Begin MonoManager ReloadAssembly
Native extension for WindowsStandalone target not found
Refreshing native plugins compatible for Editor in 0.59 ms, found 2 plugins.
Preloading 0 native plugins for Editor in 0.00 ms.
Mono: successfully reloaded assembly
- Completed reload, in  1.012 seconds
Platform modules already initialized, skipping
Refreshing native plugins compatible for Editor in 0.49 ms, found 2 plugins.
Preloading 0 native plugins for Editor in 0.00 ms.
Unloading 1491 Unused Serialized files (Serialized files now loaded: 0)
System memory in use before: 151.9 MB.
System memory in use after: 151.6 MB.

Unloading 16 unused Assets to reduce memory usage. Loaded Objects now: 2056.
Total: 2.860600 ms (FindLiveObjects: 0.276800 ms CreateObjectMapping: 0.117800 ms MarkObjects: 2.074100 ms  DeleteObjects: 0.390400 ms)

========================================================================
Received Prepare
Registering precompiled user dll's ...
Registered in 0.003739 seconds.
Begin MonoManager ReloadAssembly
Native extension for WindowsStandalone target not found
Refreshing native plugins compatible for Editor in 0.47 ms, found 2 plugins.
Preloading 0 native plugins for Editor in 0.00 ms.
Mono: successfully reloaded assembly
- Completed reload, in  1.014 seconds
Platform modules already initialized, skipping
Refreshing native plugins compatible for Editor in 0.61 ms, found 2 plugins.
Preloading 0 native plugins for Editor in 0.00 ms.
Unloading 1491 Unused Serialized files (Serialized files now loaded: 0)
System memory in use before: 151.9 MB.
System memory in use after: 151.6 MB.

Unloading 16 unused Assets to reduce memory usage. Loaded Objects now: 2059.
Total: 2.751900 ms (FindLiveObjects: 0.213200 ms CreateObjectMapping: 0.055800 ms MarkObjects: 2.052600 ms  DeleteObjects: 0.428800 ms)

========================================================================
Received Prepare
Registering precompiled user dll's ...
Registered in 0.003000 seconds.
Begin MonoManager ReloadAssembly
Native extension for WindowsStandalone target not found
Refreshing native plugins compatible for Editor in 0.37 ms, found 2 plugins.
Preloading 0 native plugins for Editor in 0.00 ms.
Mono: successfully reloaded assembly
- Completed reload, in  1.028 seconds
Platform modules already initialized, skipping
Refreshing native plugins compatible for Editor in 0.37 ms, found 2 plugins.
Preloading 0 native plugins for Editor in 0.00 ms.
Unloading 1491 Unused Serialized files (Serialized files now loaded: 0)
System memory in use before: 151.9 MB.
System memory in use after: 151.6 MB.

Unloading 16 unused Assets to reduce memory usage. Loaded Objects now: 2062.
Total: 2.232500 ms (FindLiveObjects: 0.176500 ms CreateObjectMapping: 0.081200 ms MarkObjects: 1.609300 ms  DeleteObjects: 0.364500 ms)

========================================================================
Received Prepare
Registering precompiled user dll's ...
Registered in 0.002577 seconds.
Begin MonoManager ReloadAssembly
Native extension for WindowsStandalone target not found
Refreshing native plugins compatible for Editor in 0.40 ms, found 2 plugins.
Preloading 0 native plugins for Editor in 0.00 ms.
Mono: successfully reloaded assembly
- Completed reload, in  0.854 seconds
Platform modules already initialized, skipping
Refreshing native plugins compatible for Editor in 0.43 ms, found 2 plugins.
Preloading 0 native plugins for Editor in 0.00 ms.
Unloading 1491 Unused Serialized files (Serialized files now loaded: 0)
System memory in use before: 151.9 MB.
System memory in use after: 151.6 MB.

Unloading 16 unused Assets to reduce memory usage. Loaded Objects now: 2065.
Total: 2.015300 ms (FindLiveObjects: 0.152000 ms CreateObjectMapping: 0.048200 ms MarkObjects: 1.458900 ms  DeleteObjects: 0.355400 ms)

========================================================================
Received Prepare
Registering precompiled user dll's ...
Registered in 0.003154 seconds.
Begin MonoManager ReloadAssembly
Native extension for WindowsStandalone target not found
Refreshing native plugins compatible for Editor in 0.41 ms, found 2 plugins.
Preloading 0 native plugins for Editor in 0.00 ms.
Mono: successfully reloaded assembly
- Completed reload, in  0.856 seconds
Platform modules already initialized, skipping
Refreshing native plugins compatible for Editor in 0.38 ms, found 2 plugins.
Preloading 0 native plugins for Editor in 0.00 ms.
Unloading 1491 Unused Serialized files (Serialized files now loaded: 0)
System memory in use before: 151.9 MB.
System memory in use after: 151.6 MB.

Unloading 16 unused Assets to reduce memory usage. Loaded Objects now: 2068.
Total: 2.149400 ms (FindLiveObjects: 0.164700 ms CreateObjectMapping: 0.045600 ms MarkObjects: 1.571800 ms  DeleteObjects: 0.366100 ms)

========================================================================
Received Prepare
Registering precompiled user dll's ...
Registered in 0.002950 seconds.
Begin MonoManager ReloadAssembly
Native extension for WindowsStandalone target not found
Refreshing native plugins compatible for Editor in 0.36 ms, found 2 plugins.
Preloading 0 native plugins for Editor in 0.00 ms.
Mono: successfully reloaded assembly
- Completed reload, in  0.865 seconds
Platform modules already initialized, skipping
Refreshing native plugins compatible for Editor in 0.37 ms, found 2 plugins.
Preloading 0 native plugins for Editor in 0.00 ms.
Unloading 1491 Unused Serialized files (Serialized files now loaded: 0)
System memory in use before: 151.9 MB.
System memory in use after: 151.6 MB.

Unloading 16 unused Assets to reduce memory usage. Loaded Objects now: 2071.
Total: 2.035200 ms (FindLiveObjects: 0.150500 ms CreateObjectMapping: 0.045100 ms MarkObjects: 1.482900 ms  DeleteObjects: 0.355900 ms)

========================================================================
Received Prepare
Registering precompiled user dll's ...
Registered in 0.002574 seconds.
Begin MonoManager ReloadAssembly
Native extension for WindowsStandalone target not found
Refreshing native plugins compatible for Editor in 0.41 ms, found 2 plugins.
Preloading 0 native plugins for Editor in 0.00 ms.
Mono: successfully reloaded assembly
- Completed reload, in  0.991 seconds
Platform modules already initialized, skipping
Refreshing native plugins compatible for Editor in 0.54 ms, found 2 plugins.
Preloading 0 native plugins for Editor in 0.00 ms.
Unloading 1491 Unused Serialized files (Serialized files now loaded: 0)
System memory in use before: 151.9 MB.
System memory in use after: 151.6 MB.

Unloading 16 unused Assets to reduce memory usage. Loaded Objects now: 2074.
Total: 3.085200 ms (FindLiveObjects: 0.271600 ms CreateObjectMapping: 0.102900 ms MarkObjects: 2.287200 ms  DeleteObjects: 0.422000 ms)

========================================================================
Received Prepare
Registering precompiled user dll's ...
Registered in 0.002715 seconds.
Begin MonoManager ReloadAssembly
Native extension for WindowsStandalone target not found
Refreshing native plugins compatible for Editor in 0.50 ms, found 2 plugins.
Preloading 0 native plugins for Editor in 0.00 ms.
Mono: successfully reloaded assembly
- Completed reload, in  1.024 seconds
Platform modules already initialized, skipping
Refreshing native plugins compatible for Editor in 0.46 ms, found 2 plugins.
Preloading 0 native plugins for Editor in 0.00 ms.
Unloading 1491 Unused Serialized files (Serialized files now loaded: 0)
System memory in use before: 152.0 MB.
System memory in use after: 151.7 MB.

Unloading 16 unused Assets to reduce memory usage. Loaded Objects now: 2077.
Total: 2.477600 ms (FindLiveObjects: 0.228400 ms CreateObjectMapping: 0.103400 ms MarkObjects: 1.763400 ms  DeleteObjects: 0.381200 ms)

========================================================================
Received Prepare
Registering precompiled user dll's ...
Registered in 0.002834 seconds.
Begin MonoManager ReloadAssembly
Native extension for WindowsStandalone target not found
Refreshing native plugins compatible for Editor in 0.50 ms, found 2 plugins.
Preloading 0 native plugins for Editor in 0.00 ms.
Mono: successfully reloaded assembly
- Completed reload, in  1.059 seconds
Platform modules already initialized, skipping
Refreshing native plugins compatible for Editor in 0.81 ms, found 2 plugins.
Preloading 0 native plugins for Editor in 0.00 ms.
Unloading 1491 Unused Serialized files (Serialized files now loaded: 0)
System memory in use before: 152.0 MB.
System memory in use after: 151.7 MB.

Unloading 16 unused Assets to reduce memory usage. Loaded Objects now: 2080.
Total: 2.624900 ms (FindLiveObjects: 0.204200 ms CreateObjectMapping: 0.059100 ms MarkObjects: 1.880000 ms  DeleteObjects: 0.480000 ms)

========================================================================
Received Prepare
Registering precompiled user dll's ...
Registered in 0.002607 seconds.
Begin MonoManager ReloadAssembly
Native extension for WindowsStandalone target not found
Refreshing native plugins compatible for Editor in 0.44 ms, found 2 plugins.
Preloading 0 native plugins for Editor in 0.00 ms.
Mono: successfully reloaded assembly
- Completed reload, in  0.991 seconds
Platform modules already initialized, skipping
Refreshing native plugins compatible for Editor in 0.49 ms, found 2 plugins.
Preloading 0 native plugins for Editor in 0.00 ms.
Unloading 1491 Unused Serialized files (Serialized files now loaded: 0)
System memory in use before: 151.9 MB.
System memory in use after: 151.7 MB.

Unloading 16 unused Assets to reduce memory usage. Loaded Objects now: 2083.
Total: 3.027300 ms (FindLiveObjects: 0.222700 ms CreateObjectMapping: 0.081200 ms MarkObjects: 2.208400 ms  DeleteObjects: 0.513300 ms)

========================================================================
Received Prepare
Registering precompiled user dll's ...
Registered in 0.002568 seconds.
Begin MonoManager ReloadAssembly
Native extension for WindowsStandalone target not found
Refreshing native plugins compatible for Editor in 0.46 ms, found 2 plugins.
Preloading 0 native plugins for Editor in 0.00 ms.
Mono: successfully reloaded assembly
- Completed reload, in  1.017 seconds
Platform modules already initialized, skipping
Refreshing native plugins compatible for Editor in 0.47 ms, found 2 plugins.
Preloading 0 native plugins for Editor in 0.00 ms.
Unloading 1491 Unused Serialized files (Serialized files now loaded: 0)
System memory in use before: 152.0 MB.
System memory in use after: 151.7 MB.

Unloading 16 unused Assets to reduce memory usage. Loaded Objects now: 2086.
Total: 2.702600 ms (FindLiveObjects: 0.182200 ms CreateObjectMapping: 0.056300 ms MarkObjects: 2.079300 ms  DeleteObjects: 0.383600 ms)

========================================================================
Received Prepare
Registering precompiled user dll's ...
Registered in 0.002567 seconds.
Begin MonoManager ReloadAssembly
Native extension for WindowsStandalone target not found
Refreshing native plugins compatible for Editor in 0.53 ms, found 2 plugins.
Preloading 0 native plugins for Editor in 0.00 ms.
Mono: successfully reloaded assembly
- Completed reload, in  1.027 seconds
Platform modules already initialized, skipping
Refreshing native plugins compatible for Editor in 0.57 ms, found 2 plugins.
Preloading 0 native plugins for Editor in 0.00 ms.
Unloading 1491 Unused Serialized files (Serialized files now loaded: 0)
System memory in use before: 152.0 MB.
System memory in use after: 151.7 MB.

Unloading 16 unused Assets to reduce memory usage. Loaded Objects now: 2089.
Total: 2.632600 ms (FindLiveObjects: 0.193900 ms CreateObjectMapping: 0.060900 ms MarkObjects: 1.969900 ms  DeleteObjects: 0.406400 ms)

========================================================================
Received Prepare
Registering precompiled user dll's ...
Registered in 0.002710 seconds.
Begin MonoManager ReloadAssembly
Native extension for WindowsStandalone target not found
Refreshing native plugins compatible for Editor in 0.46 ms, found 2 plugins.
Preloading 0 native plugins for Editor in 0.00 ms.
Mono: successfully reloaded assembly
- Completed reload, in  1.035 seconds
Platform modules already initialized, skipping
Refreshing native plugins compatible for Editor in 0.39 ms, found 2 plugins.
Preloading 0 native plugins for Editor in 0.00 ms.
Unloading 1491 Unused Serialized files (Serialized files now loaded: 0)
System memory in use before: 151.9 MB.
System memory in use after: 151.7 MB.

Unloading 16 unused Assets to reduce memory usage. Loaded Objects now: 2092.
Total: 2.936000 ms (FindLiveObjects: 0.232400 ms CreateObjectMapping: 0.091200 ms MarkObjects: 2.157200 ms  DeleteObjects: 0.453800 ms)

========================================================================
Received Prepare
Registering precompiled user dll's ...
Registered in 0.002572 seconds.
Begin MonoManager ReloadAssembly
Native extension for WindowsStandalone target not found
Refreshing native plugins compatible for Editor in 0.47 ms, found 2 plugins.
Preloading 0 native plugins for Editor in 0.00 ms.
Mono: successfully reloaded assembly
- Completed reload, in  1.026 seconds
Platform modules already initialized, skipping
Refreshing native plugins compatible for Editor in 0.45 ms, found 2 plugins.
Preloading 0 native plugins for Editor in 0.00 ms.
Unloading 1491 Unused Serialized files (Serialized files now loaded: 0)
System memory in use before: 152.0 MB.
System memory in use after: 151.7 MB.

Unloading 16 unused Assets to reduce memory usage. Loaded Objects now: 2095.
Total: 2.535100 ms (FindLiveObjects: 0.247300 ms CreateObjectMapping: 0.063300 ms MarkObjects: 1.808300 ms  DeleteObjects: 0.415000 ms)

========================================================================
Received Prepare
Registering precompiled user dll's ...
Registered in 0.002680 seconds.
Begin MonoManager ReloadAssembly
Native extension for WindowsStandalone target not found
Refreshing native plugins compatible for Editor in 0.46 ms, found 2 plugins.
Preloading 0 native plugins for Editor in 0.00 ms.
Mono: successfully reloaded assembly
- Completed reload, in  0.859 seconds
Platform modules already initialized, skipping
Refreshing native plugins compatible for Editor in 0.44 ms, found 2 plugins.
Preloading 0 native plugins for Editor in 0.00 ms.
Unloading 1491 Unused Serialized files (Serialized files now loaded: 0)
System memory in use before: 152.0 MB.
System memory in use after: 151.7 MB.

Unloading 16 unused Assets to reduce memory usage. Loaded Objects now: 2098.
Total: 2.230400 ms (FindLiveObjects: 0.172200 ms CreateObjectMapping: 0.052000 ms MarkObjects: 1.571200 ms  DeleteObjects: 0.433600 ms)

========================================================================
Received Prepare
Registering precompiled user dll's ...
Registered in 0.002779 seconds.
Begin MonoManager ReloadAssembly
Native extension for WindowsStandalone target not found
Refreshing native plugins compatible for Editor in 0.39 ms, found 2 plugins.
Preloading 0 native plugins for Editor in 0.00 ms.
Mono: successfully reloaded assembly
- Completed reload, in  0.896 seconds
Platform modules already initialized, skipping
Refreshing native plugins compatible for Editor in 0.41 ms, found 2 plugins.
Preloading 0 native plugins for Editor in 0.00 ms.
Unloading 1491 Unused Serialized files (Serialized files now loaded: 0)
System memory in use before: 152.0 MB.
System memory in use after: 151.7 MB.

Unloading 16 unused Assets to reduce memory usage. Loaded Objects now: 2101.
Total: 2.032300 ms (FindLiveObjects: 0.151900 ms CreateObjectMapping: 0.044000 ms MarkObjects: 1.465700 ms  DeleteObjects: 0.369500 ms)

========================================================================
Received Prepare
Registering precompiled user dll's ...
Registered in 0.003018 seconds.
Begin MonoManager ReloadAssembly
Native extension for WindowsStandalone target not found
Refreshing native plugins compatible for Editor in 0.39 ms, found 2 plugins.
Preloading 0 native plugins for Editor in 0.00 ms.
Mono: successfully reloaded assembly
- Completed reload, in  0.871 seconds
Platform modules already initialized, skipping
Refreshing native plugins compatible for Editor in 0.38 ms, found 2 plugins.
Preloading 0 native plugins for Editor in 0.00 ms.
Unloading 1491 Unused Serialized files (Serialized files now loaded: 0)
System memory in use before: 152.0 MB.
System memory in use after: 151.7 MB.

Unloading 16 unused Assets to reduce memory usage. Loaded Objects now: 2104.
Total: 2.023800 ms (FindLiveObjects: 0.145500 ms CreateObjectMapping: 0.041600 ms MarkObjects: 1.471900 ms  DeleteObjects: 0.364000 ms)

========================================================================
Received Prepare
Registering precompiled user dll's ...
Registered in 0.002803 seconds.
Begin MonoManager ReloadAssembly
Native extension for WindowsStandalone target not found
Refreshing native plugins compatible for Editor in 0.36 ms, found 2 plugins.
Preloading 0 native plugins for Editor in 0.00 ms.
Mono: successfully reloaded assembly
- Completed reload, in  0.882 seconds
Platform modules already initialized, skipping
Refreshing native plugins compatible for Editor in 0.45 ms, found 2 plugins.
Preloading 0 native plugins for Editor in 0.00 ms.
Unloading 1491 Unused Serialized files (Serialized files now loaded: 0)
System memory in use before: 152.0 MB.
System memory in use after: 151.7 MB.

Unloading 16 unused Assets to reduce memory usage. Loaded Objects now: 2107.
Total: 2.363800 ms (FindLiveObjects: 0.160700 ms CreateObjectMapping: 0.046500 ms MarkObjects: 1.780800 ms  DeleteObjects: 0.374700 ms)

========================================================================
Received Prepare
Registering precompiled user dll's ...
Registered in 0.002835 seconds.
Begin MonoManager ReloadAssembly
Native extension for WindowsStandalone target not found
Refreshing native plugins compatible for Editor in 0.42 ms, found 2 plugins.
Preloading 0 native plugins for Editor in 0.00 ms.
Mono: successfully reloaded assembly
- Completed reload, in  0.858 seconds
Platform modules already initialized, skipping
Refreshing native plugins compatible for Editor in 0.43 ms, found 2 plugins.
Preloading 0 native plugins for Editor in 0.00 ms.
Unloading 1491 Unused Serialized files (Serialized files now loaded: 0)
System memory in use before: 152.0 MB.
System memory in use after: 151.7 MB.

Unloading 16 unused Assets to reduce memory usage. Loaded Objects now: 2110.
Total: 2.094900 ms (FindLiveObjects: 0.159800 ms CreateObjectMapping: 0.044900 ms MarkObjects: 1.512400 ms  DeleteObjects: 0.376600 ms)

========================================================================
Received Prepare
Registering precompiled user dll's ...
Registered in 0.002714 seconds.
Begin MonoManager ReloadAssembly
Native extension for WindowsStandalone target not found
Refreshing native plugins compatible for Editor in 0.46 ms, found 2 plugins.
Preloading 0 native plugins for Editor in 0.00 ms.
Mono: successfully reloaded assembly
- Completed reload, in  1.023 seconds
Platform modules already initialized, skipping
Refreshing native plugins compatible for Editor in 0.62 ms, found 2 plugins.
Preloading 0 native plugins for Editor in 0.00 ms.
Unloading 1491 Unused Serialized files (Serialized files now loaded: 0)
System memory in use before: 152.0 MB.
System memory in use after: 151.7 MB.

Unloading 16 unused Assets to reduce memory usage. Loaded Objects now: 2113.
Total: 2.384500 ms (FindLiveObjects: 0.249900 ms CreateObjectMapping: 0.105000 ms MarkObjects: 1.576000 ms  DeleteObjects: 0.451900 ms)

